Script started at: Wed  4 Jun 14:57:01 CEST 2025
Already up to date.

Attaching package: ‘dplyr’

The following objects are masked from ‘package:stats’:

    filter, lag

The following objects are masked from ‘package:base’:

    intersect, setdiff, setequal, union

Warning: program compiled against libxml 210 using older 209
On branch main
Your branch is up to date with 'origin/main'.

Changes not staged for commit:
  (use "git add <file>..." to update what will be committed)
  (use "git restore <file>..." to discard changes in working directory)
	modified:   publications.R

Untracked files:
  (use "git add <file>..." to include in what will be committed)
	update_publications_logfile.log

no changes added to commit (use "git add" and/or "git commit -a")
Everything up-to-date
Script started at: Wed  4 Jun 15:09:01 CEST 2025
Already up to date.

Attaching package: ‘dplyr’

The following objects are masked from ‘package:stats’:

    filter, lag

The following objects are masked from ‘package:base’:

    intersect, setdiff, setequal, union

Warning: program compiled against libxml 210 using older 209
On branch main
Your branch is up to date with 'origin/main'.

Changes not staged for commit:
  (use "git add <file>..." to update what will be committed)
  (use "git restore <file>..." to discard changes in working directory)
	modified:   publications.R
	modified:   update_publications_logfile.log

no changes added to commit (use "git add" and/or "git commit -a")
Everything up-to-date
Script started at: Sun  8 Jun 23:00:01 CEST 2025
From github.com:LIM-Climate-Causality/lim-climate-causality.github.io
   28236d7..9b8dee1  gh-pages   -> origin/gh-pages
Already up to date.

Attaching package: ‘dplyr’

The following objects are masked from ‘package:stats’:

    filter, lag

The following objects are masked from ‘package:base’:

    intersect, setdiff, setequal, union

Warning: program compiled against libxml 210 using older 209
On branch main
Your branch is up to date with 'origin/main'.

Changes not staged for commit:
  (use "git add <file>..." to update what will be committed)
  (use "git restore <file>..." to discard changes in working directory)
	modified:   update_publications_logfile.log

no changes added to commit (use "git add" and/or "git commit -a")
Everything up-to-date
